# JRE version: Java(TM) SE Runtime Environment (7.0_80-b15) (build 1.7.0_80-b15)
# Java VM: Java HotSpot(TM) 64-Bit Server VM (24.80-b11 mixed mode linux-amd64 compressed oops)
Heap
 PSYoungGen      total 171008K, used 14840K [0x00000000eaa80000, 0x00000000f6700000, 0x0000000100000000)
  eden space 156160K, 0% used [0x00000000eaa80000,0x00000000eaa80000,0x00000000f4300000)
  from space 14848K, 99% used [0x00000000f4300000,0x00000000f517e3f8,0x00000000f5180000)
  to   space 7680K, 0% used [0x00000000f5180000,0x00000000f5180000,0x00000000f5900000)
 ParOldGen       total 60928K, used 34195K [0x00000000c0000000, 0x00000000c3b80000, 0x00000000eaa80000)
  object space 60928K, 56% used [0x00000000c0000000,0x00000000c2164dc8,0x00000000c3b80000)
 PSPermGen       total 21504K, used 7231K [0x00000000bae00000, 0x00000000bc300000, 0x00000000c0000000)
  object space 21504K, 33% used [0x00000000bae00000,0x00000000bb50fcf8,0x00000000bc300000)
GC Heap History (10 events):
Event: 4,961 GC heap after
Heap after GC invocations=9 (full 0):
 PSYoungGen      total 71168K, used 5908K [0x00000000eaa80000, 0x00000000f1d00000, 0x0000000100000000)
  eden space 63488K, 0% used [0x00000000eaa80000,0x00000000eaa80000,0x00000000ee880000)
  from space 7680K, 76% used [0x00000000ee880000,0x00000000eee45388,0x00000000ef000000)
  to   space 7680K, 0% used [0x00000000f1580000,0x00000000f1580000,0x00000000f1d00000)
 ParOldGen       total 39936K, used 22234K [0x00000000c0000000, 0x00000000c2700000, 0x00000000eaa80000)
  object space 39936K, 55% used [0x00000000c0000000,0x00000000c15b6960,0x00000000c2700000)
 PSPermGen       total 21504K, used 7220K [0x00000000bae00000, 0x00000000bc300000, 0x00000000c0000000)
  object space 21504K, 33% used [0x00000000bae00000,0x00000000bb50d208,0x00000000bc300000)
}
Event: 5,140 GC heap before
{Heap before GC invocations=10 (full 0):
 PSYoungGen      total 71168K, used 69396K [0x00000000eaa80000, 0x00000000f1d00000, 0x0000000100000000)
  eden space 63488K, 100% used [0x00000000eaa80000,0x00000000ee880000,0x00000000ee880000)
  from space 7680K, 76% used [0x00000000ee880000,0x00000000eee45388,0x00000000ef000000)
  to   space 7680K, 0% used [0x00000000f1580000,0x00000000f1580000,0x00000000f1d00000)
 ParOldGen       total 39936K, used 22234K [0x00000000c0000000, 0x00000000c2700000, 0x00000000eaa80000)
  object space 39936K, 55% used [0x00000000c0000000,0x00000000c15b6960,0x00000000c2700000)
 PSPermGen       total 21504K, used 7221K [0x00000000bae00000, 0x00000000bc300000, 0x00000000c0000000)
  object space 21504K, 33% used [0x00000000bae00000,0x00000000bb50d588,0x00000000bc300000)
Event: 5,145 GC heap after
Heap after GC invocations=10 (full 0):
 PSYoungGen      total 109568K, used 5537K [0x00000000eaa80000, 0x00000000f1d00000, 0x0000000100000000)
  eden space 101888K, 0% used [0x00000000eaa80000,0x00000000eaa80000,0x00000000f0e00000)
  from space 7680K, 72% used [0x00000000f1580000,0x00000000f1ae8798,0x00000000f1d00000)
  to   space 7680K, 0% used [0x00000000f0e00000,0x00000000f0e00000,0x00000000f1580000)
 ParOldGen       total 39936K, used 22242K [0x00000000c0000000, 0x00000000c2700000, 0x00000000eaa80000)
  object space 39936K, 55% used [0x00000000c0000000,0x00000000c15b8960,0x00000000c2700000)
 PSPermGen       total 21504K, used 7221K [0x00000000bae00000, 0x00000000bc300000, 0x00000000c0000000)
  object space 21504K, 33% used [0x00000000bae00000,0x00000000bb50d588,0x00000000bc300000)
}
Event: 5,393 GC heap before
{Heap before GC invocations=11 (full 0):
 PSYoungGen      total 109568K, used 107425K [0x00000000eaa80000, 0x00000000f1d00000, 0x0000000100000000)
  eden space 101888K, 100% used [0x00000000eaa80000,0x00000000f0e00000,0x00000000f0e00000)
  from space 7680K, 72% used [0x00000000f1580000,0x00000000f1ae8798,0x00000000f1d00000)
  to   space 7680K, 0% used [0x00000000f0e00000,0x00000000f0e00000,0x00000000f1580000)
 ParOldGen       total 39936K, used 22242K [0x00000000c0000000, 0x00000000c2700000, 0x00000000eaa80000)
  object space 39936K, 55% used [0x00000000c0000000,0x00000000c15b8960,0x00000000c2700000)
 PSPermGen       total 21504K, used 7229K [0x00000000bae00000, 0x00000000bc300000, 0x00000000c0000000)
  object space 21504K, 33% used [0x00000000bae00000,0x00000000bb50f438,0x00000000bc300000)
Event: 5,398 GC heap after
Heap after GC invocations=11 (full 0):
 PSYoungGen      total 109568K, used 6446K [0x00000000eaa80000, 0x00000000f5900000, 0x0000000100000000)
  eden space 101888K, 0% used [0x00000000eaa80000,0x00000000eaa80000,0x00000000f0e00000)
  from space 7680K, 83% used [0x00000000f0e00000,0x00000000f144b8b0,0x00000000f1580000)
  to   space 7680K, 0% used [0x00000000f5180000,0x00000000f5180000,0x00000000f5900000)
 ParOldGen       total 39936K, used 22258K [0x00000000c0000000, 0x00000000c2700000, 0x00000000eaa80000)
  object space 39936K, 55% used [0x00000000c0000000,0x00000000c15bc960,0x00000000c2700000)
 PSPermGen       total 21504K, used 7229K [0x00000000bae00000, 0x00000000bc300000, 0x00000000c0000000)
  object space 21504K, 33% used [0x00000000bae00000,0x00000000bb50f438,0x00000000bc300000)
}
Event: 5,565 GC heap before
{Heap before GC invocations=12 (full 0):
 PSYoungGen      total 109568K, used 108334K [0x00000000eaa80000, 0x00000000f5900000, 0x0000000100000000)
  eden space 101888K, 100% used [0x00000000eaa80000,0x00000000f0e00000,0x00000000f0e00000)
  from space 7680K, 83% used [0x00000000f0e00000,0x00000000f144b8b0,0x00000000f1580000)
  to   space 7680K, 0% used [0x00000000f5180000,0x00000000f5180000,0x00000000f5900000)
 ParOldGen       total 39936K, used 22258K [0x00000000c0000000, 0x00000000c2700000, 0x00000000eaa80000)
  object space 39936K, 55% used [0x00000000c0000000,0x00000000c15bc960,0x00000000c2700000)
 PSPermGen       total 21504K, used 7232K [0x00000000bae00000, 0x00000000bc300000, 0x00000000c0000000)
  object space 21504K, 33% used [0x00000000bae00000,0x00000000bb5101a8,0x00000000bc300000)
Event: 5,574 GC heap after
Heap after GC invocations=12 (full 0):
 PSYoungGen      total 163840K, used 7668K [0x00000000eaa80000, 0x00000000f6700000, 0x0000000100000000)
  eden space 156160K, 0% used [0x00000000eaa80000,0x00000000eaa80000,0x00000000f4300000)
  from space 7680K, 99% used [0x00000000f5180000,0x00000000f58fd0c0,0x00000000f5900000)
  to   space 14848K, 0% used [0x00000000f4300000,0x00000000f4300000,0x00000000f5180000)
 ParOldGen       total 39936K, used 39931K [0x00000000c0000000, 0x00000000c2700000, 0x00000000eaa80000)
  object space 39936K, 99% used [0x00000000c0000000,0x00000000c26fefd0,0x00000000c2700000)
 PSPermGen       total 21504K, used 7232K [0x00000000bae00000, 0x00000000bc300000, 0x00000000c0000000)
  object space 21504K, 33% used [0x00000000bae00000,0x00000000bb5101a8,0x00000000bc300000)
}
Event: 5,605 GC heap before
{Heap before GC invocations=13 (full 1):
 PSYoungGen      total 163840K, used 7668K [0x00000000eaa80000, 0x00000000f6700000, 0x0000000100000000)
  eden space 156160K, 0% used [0x00000000eaa80000,0x00000000eaa80000,0x00000000f4300000)
  from space 7680K, 99% used [0x00000000f5180000,0x00000000f58fd0c0,0x00000000f5900000)
  to   space 14848K, 0% used [0x00000000f4300000,0x00000000f4300000,0x00000000f5180000)
 ParOldGen       total 39936K, used 39931K [0x00000000c0000000, 0x00000000c2700000, 0x00000000eaa80000)
  object space 39936K, 99% used [0x00000000c0000000,0x00000000c26fefd0,0x00000000c2700000)
 PSPermGen       total 21504K, used 7232K [0x00000000bae00000, 0x00000000bc300000, 0x00000000c0000000)
  object space 21504K, 33% used [0x00000000bae00000,0x00000000bb5101a8,0x00000000bc300000)
Event: 5,719 GC heap after
Heap after GC invocations=13 (full 1):
 PSYoungGen      total 163840K, used 0K [0x00000000eaa80000, 0x00000000f6700000, 0x0000000100000000)
  eden space 156160K, 0% used [0x00000000eaa80000,0x00000000eaa80000,0x00000000f4300000)
  from space 7680K, 0% used [0x00000000f5180000,0x00000000f5180000,0x00000000f5900000)
  to   space 14848K, 0% used [0x00000000f4300000,0x00000000f4300000,0x00000000f5180000)
 ParOldGen       total 60928K, used 26481K [0x00000000c0000000, 0x00000000c3b80000, 0x00000000eaa80000)
  object space 60928K, 43% used [0x00000000c0000000,0x00000000c19dc618,0x00000000c3b80000)
 PSPermGen       total 21504K, used 7228K [0x00000000bae00000, 0x00000000bc300000, 0x00000000c0000000)
  object space 21504K, 33% used [0x00000000bae00000,0x00000000bb50f238,0x00000000bc300000)
}
Event: 6,010 GC heap before
{Heap before GC invocations=14 (full 1):
 PSYoungGen      total 163840K, used 156160K [0x00000000eaa80000, 0x00000000f6700000, 0x0000000100000000)
  eden space 156160K, 100% used [0x00000000eaa80000,0x00000000f4300000,0x00000000f4300000)
  from space 7680K, 0% used [0x00000000f5180000,0x00000000f5180000,0x00000000f5900000)
  to   space 14848K, 0% used [0x00000000f4300000,0x00000000f4300000,0x00000000f5180000)
 ParOldGen       total 60928K, used 26481K [0x00000000c0000000, 0x00000000c3b80000, 0x00000000eaa80000)
  object space 60928K, 43% used [0x00000000c0000000,0x00000000c19dc618,0x00000000c3b80000)
 PSPermGen       total 21504K, used 7231K [0x00000000bae00000, 0x00000000bc300000, 0x00000000c0000000)
  object space 21504K, 33% used [0x00000000bae00000,0x00000000bb50fcf8,0x00000000bc300000)

