# JRE version: Java(TM) SE Runtime Environment (7.0_80-b15) (build 1.7.0_80-b15)
# Java VM: Java HotSpot(TM) 64-Bit Server VM (24.80-b11 mixed mode linux-amd64 compressed oops)
Heap
 PSYoungGen      total 135168K, used 10040K [0x00000000eaa80000, 0x00000000f3a80000, 0x0000000100000000)
  eden space 123904K, 0% used [0x00000000eaa80000,0x00000000eaa80000,0x00000000f2380000)
  from space 11264K, 89% used [0x00000000f2380000,0x00000000f2d4e238,0x00000000f2e80000)
  to   space 10240K, 0% used [0x00000000f2e80000,0x00000000f2e80000,0x00000000f3880000)
 ParOldGen       total 39936K, used 37658K [0x00000000c0000000, 0x00000000c2700000, 0x00000000eaa80000)
  object space 39936K, 94% used [0x00000000c0000000,0x00000000c24c6aa0,0x00000000c2700000)
 PSPermGen       total 21504K, used 7231K [0x00000000bae00000, 0x00000000bc300000, 0x00000000c0000000)
  object space 21504K, 33% used [0x00000000bae00000,0x00000000bb50fff0,0x00000000bc300000)
GC Heap History (10 events):
Event: 5,519 GC heap after
Heap after GC invocations=4 (full 0):
 PSYoungGen      total 33792K, used 2048K [0x00000000eaa80000, 0x00000000ecd80000, 0x0000000100000000)
  eden space 31744K, 0% used [0x00000000eaa80000,0x00000000eaa80000,0x00000000ec980000)
  from space 2048K, 100% used [0x00000000ecb80000,0x00000000ecd80000,0x00000000ecd80000)
  to   space 2048K, 0% used [0x00000000ec980000,0x00000000ec980000,0x00000000ecb80000)
 ParOldGen       total 39936K, used 13879K [0x00000000c0000000, 0x00000000c2700000, 0x00000000eaa80000)
  object space 39936K, 34% used [0x00000000c0000000,0x00000000c0d8dcd8,0x00000000c2700000)
 PSPermGen       total 21504K, used 5566K [0x00000000bae00000, 0x00000000bc300000, 0x00000000c0000000)
  object space 21504K, 25% used [0x00000000bae00000,0x00000000bb36fbc0,0x00000000bc300000)
}
Event: 6,815 GC heap before
{Heap before GC invocations=5 (full 0):
 PSYoungGen      total 33792K, used 33792K [0x00000000eaa80000, 0x00000000ecd80000, 0x0000000100000000)
  eden space 31744K, 100% used [0x00000000eaa80000,0x00000000ec980000,0x00000000ec980000)
  from space 2048K, 100% used [0x00000000ecb80000,0x00000000ecd80000,0x00000000ecd80000)
  to   space 2048K, 0% used [0x00000000ec980000,0x00000000ec980000,0x00000000ecb80000)
 ParOldGen       total 39936K, used 13879K [0x00000000c0000000, 0x00000000c2700000, 0x00000000eaa80000)
  object space 39936K, 34% used [0x00000000c0000000,0x00000000c0d8dcd8,0x00000000c2700000)
 PSPermGen       total 21504K, used 7074K [0x00000000bae00000, 0x00000000bc300000, 0x00000000c0000000)
  object space 21504K, 32% used [0x00000000bae00000,0x00000000bb4e8b30,0x00000000bc300000)
Event: 6,826 GC heap after
Heap after GC invocations=5 (full 0):
 PSYoungGen      total 33792K, used 2034K [0x00000000eaa80000, 0x00000000ef780000, 0x0000000100000000)
  eden space 31744K, 0% used [0x00000000eaa80000,0x00000000eaa80000,0x00000000ec980000)
  from space 2048K, 99% used [0x00000000ec980000,0x00000000ecb7cae8,0x00000000ecb80000)
  to   space 7680K, 0% used [0x00000000ef000000,0x00000000ef000000,0x00000000ef780000)
 ParOldGen       total 39936K, used 15999K [0x00000000c0000000, 0x00000000c2700000, 0x00000000eaa80000)
  object space 39936K, 40% used [0x00000000c0000000,0x00000000c0f9fc98,0x00000000c2700000)
 PSPermGen       total 21504K, used 7074K [0x00000000bae00000, 0x00000000bc300000, 0x00000000c0000000)
  object space 21504K, 32% used [0x00000000bae00000,0x00000000bb4e8b30,0x00000000bc300000)
}
Event: 7,063 GC heap before
{Heap before GC invocations=6 (full 0):
 PSYoungGen      total 33792K, used 33778K [0x00000000eaa80000, 0x00000000ef780000, 0x0000000100000000)
  eden space 31744K, 100% used [0x00000000eaa80000,0x00000000ec980000,0x00000000ec980000)
  from space 2048K, 99% used [0x00000000ec980000,0x00000000ecb7cae8,0x00000000ecb80000)
  to   space 7680K, 0% used [0x00000000ef000000,0x00000000ef000000,0x00000000ef780000)
 ParOldGen       total 39936K, used 15999K [0x00000000c0000000, 0x00000000c2700000, 0x00000000eaa80000)
  object space 39936K, 40% used [0x00000000c0000000,0x00000000c0f9fc98,0x00000000c2700000)
 PSPermGen       total 21504K, used 7114K [0x00000000bae00000, 0x00000000bc300000, 0x00000000c0000000)
  object space 21504K, 33% used [0x00000000bae00000,0x00000000bb4f2a90,0x00000000bc300000)
Event: 7,073 GC heap after
Heap after GC invocations=6 (full 0):
 PSYoungGen      total 70144K, used 7152K [0x00000000eaa80000, 0x00000000ef980000, 0x0000000100000000)
  eden space 62464K, 0% used [0x00000000eaa80000,0x00000000eaa80000,0x00000000ee780000)
  from space 7680K, 93% used [0x00000000ef000000,0x00000000ef6fc330,0x00000000ef780000)
  to   space 8704K, 0% used [0x00000000ee780000,0x00000000ee780000,0x00000000ef000000)
 ParOldGen       total 39936K, used 23989K [0x00000000c0000000, 0x00000000c2700000, 0x00000000eaa80000)
  object space 39936K, 60% used [0x00000000c0000000,0x00000000c176d428,0x00000000c2700000)
 PSPermGen       total 21504K, used 7114K [0x00000000bae00000, 0x00000000bc300000, 0x00000000c0000000)
  object space 21504K, 33% used [0x00000000bae00000,0x00000000bb4f2a90,0x00000000bc300000)
}
Event: 7,437 GC heap before
{Heap before GC invocations=7 (full 0):
 PSYoungGen      total 70144K, used 69616K [0x00000000eaa80000, 0x00000000ef980000, 0x0000000100000000)
  eden space 62464K, 100% used [0x00000000eaa80000,0x00000000ee780000,0x00000000ee780000)
  from space 7680K, 93% used [0x00000000ef000000,0x00000000ef6fc330,0x00000000ef780000)
  to   space 8704K, 0% used [0x00000000ee780000,0x00000000ee780000,0x00000000ef000000)
 ParOldGen       total 39936K, used 23989K [0x00000000c0000000, 0x00000000c2700000, 0x00000000eaa80000)
  object space 39936K, 60% used [0x00000000c0000000,0x00000000c176d428,0x00000000c2700000)
 PSPermGen       total 21504K, used 7218K [0x00000000bae00000, 0x00000000bc300000, 0x00000000c0000000)
  object space 21504K, 33% used [0x00000000bae00000,0x00000000bb50c858,0x00000000bc300000)
Event: 7,458 GC heap after
Heap after GC invocations=7 (full 0):
 PSYoungGen      total 71168K, used 8672K [0x00000000eaa80000, 0x00000000f3880000, 0x0000000100000000)
  eden space 62464K, 0% used [0x00000000eaa80000,0x00000000eaa80000,0x00000000ee780000)
  from space 8704K, 99% used [0x00000000ee780000,0x00000000eeff8338,0x00000000ef000000)
  to   space 10240K, 0% used [0x00000000f2e80000,0x00000000f2e80000,0x00000000f3880000)
 ParOldGen       total 39936K, used 25076K [0x00000000c0000000, 0x00000000c2700000, 0x00000000eaa80000)
  object space 39936K, 62% used [0x00000000c0000000,0x00000000c187d1f0,0x00000000c2700000)
 PSPermGen       total 21504K, used 7218K [0x00000000bae00000, 0x00000000bc300000, 0x00000000c0000000)
  object space 21504K, 33% used [0x00000000bae00000,0x00000000bb50c858,0x00000000bc300000)
}
Event: 7,701 GC heap before
{Heap before GC invocations=8 (full 0):
 PSYoungGen      total 71168K, used 71136K [0x00000000eaa80000, 0x00000000f3880000, 0x0000000100000000)
  eden space 62464K, 100% used [0x00000000eaa80000,0x00000000ee780000,0x00000000ee780000)
  from space 8704K, 99% used [0x00000000ee780000,0x00000000eeff8338,0x00000000ef000000)
  to   space 10240K, 0% used [0x00000000f2e80000,0x00000000f2e80000,0x00000000f3880000)
 ParOldGen       total 39936K, used 25076K [0x00000000c0000000, 0x00000000c2700000, 0x00000000eaa80000)
  object space 39936K, 62% used [0x00000000c0000000,0x00000000c187d1f0,0x00000000c2700000)
 PSPermGen       total 21504K, used 7223K [0x00000000bae00000, 0x00000000bc300000, 0x00000000c0000000)
  object space 21504K, 33% used [0x00000000bae00000,0x00000000bb50dc88,0x00000000bc300000)
Event: 7,708 GC heap after
Heap after GC invocations=8 (full 0):
 PSYoungGen      total 134144K, used 9258K [0x00000000eaa80000, 0x00000000f3a80000, 0x0000000100000000)
  eden space 123904K, 0% used [0x00000000eaa80000,0x00000000eaa80000,0x00000000f2380000)
  from space 10240K, 90% used [0x00000000f2e80000,0x00000000f378aad0,0x00000000f3880000)
  to   space 11264K, 0% used [0x00000000f2380000,0x00000000f2380000,0x00000000f2e80000)
 ParOldGen       total 39936K, used 27834K [0x00000000c0000000, 0x00000000c2700000, 0x00000000eaa80000)
  object space 39936K, 69% used [0x00000000c0000000,0x00000000c1b2e978,0x00000000c2700000)
 PSPermGen       total 21504K, used 7223K [0x00000000bae00000, 0x00000000bc300000, 0x00000000c0000000)
  object space 21504K, 33% used [0x00000000bae00000,0x00000000bb50dc88,0x00000000bc300000)
}
Event: 8,209 GC heap before
{Heap before GC invocations=9 (full 0):
 PSYoungGen      total 134144K, used 133162K [0x00000000eaa80000, 0x00000000f3a80000, 0x0000000100000000)
  eden space 123904K, 100% used [0x00000000eaa80000,0x00000000f2380000,0x00000000f2380000)
  from space 10240K, 90% used [0x00000000f2e80000,0x00000000f378aad0,0x00000000f3880000)
  to   space 11264K, 0% used [0x00000000f2380000,0x00000000f2380000,0x00000000f2e80000)
 ParOldGen       total 39936K, used 27834K [0x00000000c0000000, 0x00000000c2700000, 0x00000000eaa80000)
  object space 39936K, 69% used [0x00000000c0000000,0x00000000c1b2e978,0x00000000c2700000)
 PSPermGen       total 21504K, used 7231K [0x00000000bae00000, 0x00000000bc300000, 0x00000000c0000000)
  object space 21504K, 33% used [0x00000000bae00000,0x00000000bb50fff0,0x00000000bc300000)

