# JRE version: OpenJDK Runtime Environment (7.0_79-b14) (build 1.7.0_79-b14)
# Java VM: OpenJDK 64-Bit Server VM (24.79-b02 mixed mode linux-amd64 compressed oops)
Heap
 PSYoungGen      total 215040K, used 15450K [0x00000000eaa80000, 0x00000000f8d00000, 0x0000000100000000)
  eden space 199168K, 0% used [0x00000000eaa80000,0x00000000eaa80000,0x00000000f6d00000)
  from space 15872K, 97% used [0x00000000f6d00000,0x00000000f7c16948,0x00000000f7c80000)
  to   space 14848K, 0% used [0x00000000f7c80000,0x00000000f7c80000,0x00000000f8b00000)
 ParOldGen       total 46080K, used 42837K [0x00000000c0000000, 0x00000000c2d00000, 0x00000000eaa80000)
  object space 46080K, 92% used [0x00000000c0000000,0x00000000c29d5668,0x00000000c2d00000)
 PSPermGen       total 21504K, used 7629K [0x00000000b5a00000, 0x00000000b6f00000, 0x00000000c0000000)
  object space 21504K, 35% used [0x00000000b5a00000,0x00000000b6173580,0x00000000b6f00000)
GC Heap History (10 events):
Event: 4,114 GC heap after
Heap after GC invocations=6 (full 0):
 PSYoungGen      total 74240K, used 8624K [0x00000000eaa80000, 0x00000000eff80000, 0x0000000100000000)
  eden space 62976K, 0% used [0x00000000eaa80000,0x00000000eaa80000,0x00000000ee800000)
  from space 11264K, 76% used [0x00000000ef380000,0x00000000efbec270,0x00000000efe80000)
  to   space 11776K, 0% used [0x00000000ee800000,0x00000000ee800000,0x00000000ef380000)
 ParOldGen       total 39424K, used 23355K [0x00000000c0000000, 0x00000000c2680000, 0x00000000eaa80000)
  object space 39424K, 59% used [0x00000000c0000000,0x00000000c16cece0,0x00000000c2680000)
 PSPermGen       total 21504K, used 7491K [0x00000000b5a00000, 0x00000000b6f00000, 0x00000000c0000000)
  object space 21504K, 34% used [0x00000000b5a00000,0x00000000b6150fa8,0x00000000b6f00000)
}
Event: 4,450 GC heap before
{Heap before GC invocations=7 (full 0):
 PSYoungGen      total 74240K, used 71600K [0x00000000eaa80000, 0x00000000eff80000, 0x0000000100000000)
  eden space 62976K, 100% used [0x00000000eaa80000,0x00000000ee800000,0x00000000ee800000)
  from space 11264K, 76% used [0x00000000ef380000,0x00000000efbec270,0x00000000efe80000)
  to   space 11776K, 0% used [0x00000000ee800000,0x00000000ee800000,0x00000000ef380000)
 ParOldGen       total 39424K, used 23355K [0x00000000c0000000, 0x00000000c2680000, 0x00000000eaa80000)
  object space 39424K, 59% used [0x00000000c0000000,0x00000000c16cece0,0x00000000c2680000)
 PSPermGen       total 21504K, used 7602K [0x00000000b5a00000, 0x00000000b6f00000, 0x00000000c0000000)
  object space 21504K, 35% used [0x00000000b5a00000,0x00000000b616c828,0x00000000b6f00000)
Event: 4,463 GC heap after
Heap after GC invocations=7 (full 0):
 PSYoungGen      total 74752K, used 10211K [0x00000000eaa80000, 0x00000000f3e80000, 0x0000000100000000)
  eden space 62976K, 0% used [0x00000000eaa80000,0x00000000eaa80000,0x00000000ee800000)
  from space 11776K, 86% used [0x00000000ee800000,0x00000000ef1f8f08,0x00000000ef380000)
  to   space 12800K, 0% used [0x00000000f3200000,0x00000000f3200000,0x00000000f3e80000)
 ParOldGen       total 39424K, used 24325K [0x00000000c0000000, 0x00000000c2680000, 0x00000000eaa80000)
  object space 39424K, 61% used [0x00000000c0000000,0x00000000c17c1730,0x00000000c2680000)
 PSPermGen       total 21504K, used 7602K [0x00000000b5a00000, 0x00000000b6f00000, 0x00000000c0000000)
  object space 21504K, 35% used [0x00000000b5a00000,0x00000000b616c828,0x00000000b6f00000)
}
Event: 4,647 GC heap before
{Heap before GC invocations=8 (full 0):
 PSYoungGen      total 74752K, used 73187K [0x00000000eaa80000, 0x00000000f3e80000, 0x0000000100000000)
  eden space 62976K, 100% used [0x00000000eaa80000,0x00000000ee800000,0x00000000ee800000)
  from space 11776K, 86% used [0x00000000ee800000,0x00000000ef1f8f08,0x00000000ef380000)
  to   space 12800K, 0% used [0x00000000f3200000,0x00000000f3200000,0x00000000f3e80000)
 ParOldGen       total 39424K, used 24325K [0x00000000c0000000, 0x00000000c2680000, 0x00000000eaa80000)
  object space 39424K, 61% used [0x00000000c0000000,0x00000000c17c1730,0x00000000c2680000)
 PSPermGen       total 21504K, used 7610K [0x00000000b5a00000, 0x00000000b6f00000, 0x00000000c0000000)
  object space 21504K, 35% used [0x00000000b5a00000,0x00000000b616ea10,0x00000000b6f00000)
Event: 4,658 GC heap after
Heap after GC invocations=8 (full 0):
 PSYoungGen      total 137728K, used 10956K [0x00000000eaa80000, 0x00000000f4080000, 0x0000000100000000)
  eden space 124928K, 0% used [0x00000000eaa80000,0x00000000eaa80000,0x00000000f2480000)
  from space 12800K, 85% used [0x00000000f3200000,0x00000000f3cb33b8,0x00000000f3e80000)
  to   space 13824K, 0% used [0x00000000f2480000,0x00000000f2480000,0x00000000f3200000)
 ParOldGen       total 39424K, used 24933K [0x00000000c0000000, 0x00000000c2680000, 0x00000000eaa80000)
  object space 39424K, 63% used [0x00000000c0000000,0x00000000c1859538,0x00000000c2680000)
 PSPermGen       total 21504K, used 7610K [0x00000000b5a00000, 0x00000000b6f00000, 0x00000000c0000000)
  object space 21504K, 35% used [0x00000000b5a00000,0x00000000b616ea10,0x00000000b6f00000)
}
Event: 5,020 GC heap before
{Heap before GC invocations=9 (full 0):
 PSYoungGen      total 137728K, used 135884K [0x00000000eaa80000, 0x00000000f4080000, 0x0000000100000000)
  eden space 124928K, 100% used [0x00000000eaa80000,0x00000000f2480000,0x00000000f2480000)
  from space 12800K, 85% used [0x00000000f3200000,0x00000000f3cb33b8,0x00000000f3e80000)
  to   space 13824K, 0% used [0x00000000f2480000,0x00000000f2480000,0x00000000f3200000)
 ParOldGen       total 39424K, used 24933K [0x00000000c0000000, 0x00000000c2680000, 0x00000000eaa80000)
  object space 39424K, 63% used [0x00000000c0000000,0x00000000c1859538,0x00000000c2680000)
 PSPermGen       total 21504K, used 7622K [0x00000000b5a00000, 0x00000000b6f00000, 0x00000000c0000000)
  object space 21504K, 35% used [0x00000000b5a00000,0x00000000b61719a0,0x00000000b6f00000)
Event: 5,031 GC heap after
Heap after GC invocations=9 (full 0):
 PSYoungGen      total 138752K, used 12581K [0x00000000eaa80000, 0x00000000f8b00000, 0x0000000100000000)
  eden space 124928K, 0% used [0x00000000eaa80000,0x00000000eaa80000,0x00000000f2480000)
  from space 13824K, 91% used [0x00000000f2480000,0x00000000f30c9750,0x00000000f3200000)
  to   space 14848K, 0% used [0x00000000f7c80000,0x00000000f7c80000,0x00000000f8b00000)
 ParOldGen       total 39424K, used 25461K [0x00000000c0000000, 0x00000000c2680000, 0x00000000eaa80000)
  object space 39424K, 64% used [0x00000000c0000000,0x00000000c18dd538,0x00000000c2680000)
 PSPermGen       total 21504K, used 7622K [0x00000000b5a00000, 0x00000000b6f00000, 0x00000000c0000000)
  object space 21504K, 35% used [0x00000000b5a00000,0x00000000b61719a0,0x00000000b6f00000)
}
Event: 5,230 GC heap before
{Heap before GC invocations=10 (full 0):
 PSYoungGen      total 138752K, used 137509K [0x00000000eaa80000, 0x00000000f8b00000, 0x0000000100000000)
  eden space 124928K, 100% used [0x00000000eaa80000,0x00000000f2480000,0x00000000f2480000)
  from space 13824K, 91% used [0x00000000f2480000,0x00000000f30c9750,0x00000000f3200000)
  to   space 14848K, 0% used [0x00000000f7c80000,0x00000000f7c80000,0x00000000f8b00000)
 ParOldGen       total 39424K, used 25461K [0x00000000c0000000, 0x00000000c2680000, 0x00000000eaa80000)
  object space 39424K, 64% used [0x00000000c0000000,0x00000000c18dd538,0x00000000c2680000)
 PSPermGen       total 21504K, used 7624K [0x00000000b5a00000, 0x00000000b6f00000, 0x00000000c0000000)
  object space 21504K, 35% used [0x00000000b5a00000,0x00000000b61720f0,0x00000000b6f00000)
Event: 5,240 GC heap after
Heap after GC invocations=10 (full 0):
 PSYoungGen      total 214016K, used 13169K [0x00000000eaa80000, 0x00000000f8d00000, 0x0000000100000000)
  eden space 199168K, 0% used [0x00000000eaa80000,0x00000000eaa80000,0x00000000f6d00000)
  from space 14848K, 88% used [0x00000000f7c80000,0x00000000f895c630,0x00000000f8b00000)
  to   space 15872K, 0% used [0x00000000f6d00000,0x00000000f6d00000,0x00000000f7c80000)
 ParOldGen       total 39424K, used 30099K [0x00000000c0000000, 0x00000000c2680000, 0x00000000eaa80000)
  object space 39424K, 76% used [0x00000000c0000000,0x00000000c1d64cc8,0x00000000c2680000)
 PSPermGen       total 21504K, used 7624K [0x00000000b5a00000, 0x00000000b6f00000, 0x00000000c0000000)
  object space 21504K, 35% used [0x00000000b5a00000,0x00000000b61720f0,0x00000000b6f00000)
}
Event: 5,570 GC heap before
{Heap before GC invocations=11 (full 0):
 PSYoungGen      total 214016K, used 212337K [0x00000000eaa80000, 0x00000000f8d00000, 0x0000000100000000)
  eden space 199168K, 100% used [0x00000000eaa80000,0x00000000f6d00000,0x00000000f6d00000)
  from space 14848K, 88% used [0x00000000f7c80000,0x00000000f895c630,0x00000000f8b00000)
  to   space 15872K, 0% used [0x00000000f6d00000,0x00000000f6d00000,0x00000000f7c80000)
 ParOldGen       total 39424K, used 30099K [0x00000000c0000000, 0x00000000c2680000, 0x00000000eaa80000)
  object space 39424K, 76% used [0x00000000c0000000,0x00000000c1d64cc8,0x00000000c2680000)
 PSPermGen       total 21504K, used 7629K [0x00000000b5a00000, 0x00000000b6f00000, 0x00000000c0000000)
  object space 21504K, 35% used [0x00000000b5a00000,0x00000000b6173580,0x00000000b6f00000)

