# JRE version: OpenJDK Runtime Environment (7.0_85-b01) (build 1.7.0_85-b01)
# Java VM: OpenJDK 64-Bit Server VM (24.85-b03 mixed mode linux-amd64 compressed oops)
Heap
 PSYoungGen      total 233472K, used 19134K [0x00000000eaa80000, 0x0000000100000000, 0x0000000100000000)
  eden space 117248K, 0% used [0x00000000eaa80000,0x00000000eaa80000,0x00000000f1d00000)
  from space 116224K, 16% used [0x00000000f1d00000,0x00000000f2faf8a8,0x00000000f8e80000)
  to   space 116224K, 0% used [0x00000000f8e80000,0x00000000f8e80000,0x0000000100000000)
 ParOldGen       total 507392K, used 507083K [0x00000000c0000000, 0x00000000def80000, 0x00000000eaa80000)
  object space 507392K, 99% used [0x00000000c0000000,0x00000000def32cb0,0x00000000def80000)
 PSPermGen       total 21504K, used 6190K [0x00000000b5a00000, 0x00000000b6f00000, 0x00000000c0000000)
  object space 21504K, 28% used [0x00000000b5a00000,0x00000000b600bb98,0x00000000b6f00000)
GC Heap History (10 events):
Event: 21,844 GC heap after
Heap after GC invocations=26 (full 5):
 PSYoungGen      total 245248K, used 93989K [0x00000000eaa80000, 0x0000000100000000, 0x0000000100000000)
  eden space 151040K, 0% used [0x00000000eaa80000,0x00000000eaa80000,0x00000000f3e00000)
  from space 94208K, 99% used [0x00000000f3e00000,0x00000000f99c9638,0x00000000f9a00000)
  to   space 104448K, 0% used [0x00000000f9a00000,0x00000000f9a00000,0x0000000100000000)
 ParOldGen       total 507392K, used 360809K [0x00000000c0000000, 0x00000000def80000, 0x00000000eaa80000)
  object space 507392K, 71% used [0x00000000c0000000,0x00000000d605a430,0x00000000def80000)
 PSPermGen       total 21504K, used 6184K [0x00000000b5a00000, 0x00000000b6f00000, 0x00000000c0000000)
  object space 21504K, 28% used [0x00000000b5a00000,0x00000000b600a050,0x00000000b6f00000)
}
Event: 22,214 GC heap before
{Heap before GC invocations=27 (full 5):
 PSYoungGen      total 245248K, used 245029K [0x00000000eaa80000, 0x0000000100000000, 0x0000000100000000)
  eden space 151040K, 100% used [0x00000000eaa80000,0x00000000f3e00000,0x00000000f3e00000)
  from space 94208K, 99% used [0x00000000f3e00000,0x00000000f99c9638,0x00000000f9a00000)
  to   space 104448K, 0% used [0x00000000f9a00000,0x00000000f9a00000,0x0000000100000000)
 ParOldGen       total 507392K, used 360809K [0x00000000c0000000, 0x00000000def80000, 0x00000000eaa80000)
  object space 507392K, 71% used [0x00000000c0000000,0x00000000d605a430,0x00000000def80000)
 PSPermGen       total 21504K, used 6185K [0x00000000b5a00000, 0x00000000b6f00000, 0x00000000c0000000)
  object space 21504K, 28% used [0x00000000b5a00000,0x00000000b600a698,0x00000000b6f00000)
Event: 22,329 GC heap after
Heap after GC invocations=27 (full 5):
 PSYoungGen      total 221696K, used 104430K [0x00000000eaa80000, 0x0000000100000000, 0x0000000100000000)
  eden space 117248K, 0% used [0x00000000eaa80000,0x00000000eaa80000,0x00000000f1d00000)
  from space 104448K, 99% used [0x00000000f9a00000,0x00000000ffffb950,0x0000000100000000)
  to   space 116224K, 0% used [0x00000000f1d00000,0x00000000f1d00000,0x00000000f8e80000)
 ParOldGen       total 507392K, used 372586K [0x00000000c0000000, 0x00000000def80000, 0x00000000eaa80000)
  object space 507392K, 73% used [0x00000000c0000000,0x00000000d6bdabc0,0x00000000def80000)
 PSPermGen       total 21504K, used 6185K [0x00000000b5a00000, 0x00000000b6f00000, 0x00000000c0000000)
  object space 21504K, 28% used [0x00000000b5a00000,0x00000000b600a698,0x00000000b6f00000)
}
Event: 22,707 GC heap before
{Heap before GC invocations=28 (full 5):
 PSYoungGen      total 221696K, used 221678K [0x00000000eaa80000, 0x0000000100000000, 0x0000000100000000)
  eden space 117248K, 100% used [0x00000000eaa80000,0x00000000f1d00000,0x00000000f1d00000)
  from space 104448K, 99% used [0x00000000f9a00000,0x00000000ffffb950,0x0000000100000000)
  to   space 116224K, 0% used [0x00000000f1d00000,0x00000000f1d00000,0x00000000f8e80000)
 ParOldGen       total 507392K, used 372586K [0x00000000c0000000, 0x00000000def80000, 0x00000000eaa80000)
  object space 507392K, 73% used [0x00000000c0000000,0x00000000d6bdabc0,0x00000000def80000)
 PSPermGen       total 21504K, used 6189K [0x00000000b5a00000, 0x00000000b6f00000, 0x00000000c0000000)
  object space 21504K, 28% used [0x00000000b5a00000,0x00000000b600b5d0,0x00000000b6f00000)
Event: 22,864 GC heap after
Heap after GC invocations=28 (full 5):
 PSYoungGen      total 233472K, used 102379K [0x00000000eaa80000, 0x0000000100000000, 0x0000000100000000)
  eden space 117248K, 0% used [0x00000000eaa80000,0x00000000eaa80000,0x00000000f1d00000)
  from space 116224K, 88% used [0x00000000f1d00000,0x00000000f80fae98,0x00000000f8e80000)
  to   space 116224K, 0% used [0x00000000f8e80000,0x00000000f8e80000,0x0000000100000000)
 ParOldGen       total 507392K, used 393527K [0x00000000c0000000, 0x00000000def80000, 0x00000000eaa80000)
  object space 507392K, 77% used [0x00000000c0000000,0x00000000d804de78,0x00000000def80000)
 PSPermGen       total 21504K, used 6189K [0x00000000b5a00000, 0x00000000b6f00000, 0x00000000c0000000)
  object space 21504K, 28% used [0x00000000b5a00000,0x00000000b600b5d0,0x00000000b6f00000)
}
Event: 23,870 GC heap before
{Heap before GC invocations=29 (full 5):
 PSYoungGen      total 233472K, used 219627K [0x00000000eaa80000, 0x0000000100000000, 0x0000000100000000)
  eden space 117248K, 100% used [0x00000000eaa80000,0x00000000f1d00000,0x00000000f1d00000)
  from space 116224K, 88% used [0x00000000f1d00000,0x00000000f80fae98,0x00000000f8e80000)
  to   space 116224K, 0% used [0x00000000f8e80000,0x00000000f8e80000,0x0000000100000000)
 ParOldGen       total 507392K, used 393527K [0x00000000c0000000, 0x00000000def80000, 0x00000000eaa80000)
  object space 507392K, 77% used [0x00000000c0000000,0x00000000d804de78,0x00000000def80000)
 PSPermGen       total 21504K, used 6189K [0x00000000b5a00000, 0x00000000b6f00000, 0x00000000c0000000)
  object space 21504K, 28% used [0x00000000b5a00000,0x00000000b600b6e8,0x00000000b6f00000)
Event: 24,538 GC heap after
Heap after GC invocations=29 (full 5):
 PSYoungGen      total 233472K, used 77572K [0x00000000eaa80000, 0x0000000100000000, 0x0000000100000000)
  eden space 117248K, 0% used [0x00000000eaa80000,0x00000000eaa80000,0x00000000f1d00000)
  from space 116224K, 66% used [0x00000000f8e80000,0x00000000fda412c0,0x0000000100000000)
  to   space 116224K, 0% used [0x00000000f1d00000,0x00000000f1d00000,0x00000000f8e80000)
 ParOldGen       total 507392K, used 434697K [0x00000000c0000000, 0x00000000def80000, 0x00000000eaa80000)
  object space 507392K, 85% used [0x00000000c0000000,0x00000000da8825f8,0x00000000def80000)
 PSPermGen       total 21504K, used 6189K [0x00000000b5a00000, 0x00000000b6f00000, 0x00000000c0000000)
  object space 21504K, 28% used [0x00000000b5a00000,0x00000000b600b6e8,0x00000000b6f00000)
}
Event: 25,709 GC heap before
{Heap before GC invocations=30 (full 5):
 PSYoungGen      total 233472K, used 194820K [0x00000000eaa80000, 0x0000000100000000, 0x0000000100000000)
  eden space 117248K, 100% used [0x00000000eaa80000,0x00000000f1d00000,0x00000000f1d00000)
  from space 116224K, 66% used [0x00000000f8e80000,0x00000000fda412c0,0x0000000100000000)
  to   space 116224K, 0% used [0x00000000f1d00000,0x00000000f1d00000,0x00000000f8e80000)
 ParOldGen       total 507392K, used 434697K [0x00000000c0000000, 0x00000000def80000, 0x00000000eaa80000)
  object space 507392K, 85% used [0x00000000c0000000,0x00000000da8825f8,0x00000000def80000)
 PSPermGen       total 21504K, used 6190K [0x00000000b5a00000, 0x00000000b6f00000, 0x00000000c0000000)
  object space 21504K, 28% used [0x00000000b5a00000,0x00000000b600bbb8,0x00000000b6f00000)
Event: 25,804 GC heap after
Heap after GC invocations=30 (full 5):
 PSYoungGen      total 233472K, used 51574K [0x00000000eaa80000, 0x0000000100000000, 0x0000000100000000)
  eden space 117248K, 0% used [0x00000000eaa80000,0x00000000eaa80000,0x00000000f1d00000)
  from space 116224K, 44% used [0x00000000f1d00000,0x00000000f4f5db10,0x00000000f8e80000)
  to   space 116224K, 0% used [0x00000000f8e80000,0x00000000f8e80000,0x0000000100000000)
 ParOldGen       total 507392K, used 477698K [0x00000000c0000000, 0x00000000def80000, 0x00000000eaa80000)
  object space 507392K, 94% used [0x00000000c0000000,0x00000000dd280a98,0x00000000def80000)
 PSPermGen       total 21504K, used 6190K [0x00000000b5a00000, 0x00000000b6f00000, 0x00000000c0000000)
  object space 21504K, 28% used [0x00000000b5a00000,0x00000000b600bbb8,0x00000000b6f00000)
}
Event: 25,804 GC heap before
{Heap before GC invocations=31 (full 6):
 PSYoungGen      total 233472K, used 51574K [0x00000000eaa80000, 0x0000000100000000, 0x0000000100000000)
  eden space 117248K, 0% used [0x00000000eaa80000,0x00000000eaa80000,0x00000000f1d00000)
  from space 116224K, 44% used [0x00000000f1d00000,0x00000000f4f5db10,0x00000000f8e80000)
  to   space 116224K, 0% used [0x00000000f8e80000,0x00000000f8e80000,0x0000000100000000)
 ParOldGen       total 507392K, used 477698K [0x00000000c0000000, 0x00000000def80000, 0x00000000eaa80000)
  object space 507392K, 94% used [0x00000000c0000000,0x00000000dd280a98,0x00000000def80000)
 PSPermGen       total 21504K, used 6190K [0x00000000b5a00000, 0x00000000b6f00000, 0x00000000c0000000)
  object space 21504K, 28% used [0x00000000b5a00000,0x00000000b600bbb8,0x00000000b6f00000)

